<?xml version="1.0" encoding="UTF-8"?>
<!-- Generated by org.testng.reporters.JUnitXMLReporter -->
<testsuite hostname="BLRL42504" name="Default test" tests="6" failures="0" timestamp="19 Nov 2018 18:57:09 GMT" time="24.308" errors="0">
  <testcase name="launchbrowser" time="6.358" classname="com.qa.tests.TC_ValidateModify"/>
  <testcase name="NavigateToURL" time="8.269" classname="com.qa.tests.TC_ValidateModify"/>
  <testcase name="EnterUserDetails" time="6.1" classname="com.qa.tests.TC_ValidateModify"/>
  <testcase name="validateUserDetails" time="0.938" classname="com.qa.tests.TC_ValidateModify"/>
  <testcase name="ModifyDetailsAndValidate" time="2.618" classname="com.qa.tests.TC_ValidateModify"/>
  <testcase name="closeDriver" time="0.009" classname="com.qa.tests.TC_ValidateModify"/>
</testsuite> <!-- Default test -->
