<?xml version="1.0" encoding="UTF-8"?>
<!-- Generated by org.testng.reporters.JUnitXMLReporter -->
<testsuite hostname="BLRL42504" name="Test" tests="32" failures="0" timestamp="19 Nov 2018 19:09:26 GMT" time="140.94" errors="0">
  <testcase name="launchbrowser" time="6.994" classname="com.qa.tests.TC_ValidateBackButton"/>
  <testcase name="NavigateToURL" time="8.81" classname="com.qa.tests.TC_ValidateBackButton"/>
  <testcase name="AEnterUserDetails" time="6.134" classname="com.qa.tests.TC_ValidateBackButton"/>
  <testcase name="BvalidateUserDetails" time="0.993" classname="com.qa.tests.TC_ValidateBackButton"/>
  <testcase name="ClickBackAndValidate" time="0.654" classname="com.qa.tests.TC_ValidateBackButton"/>
  <testcase name="closeDriver" time="0.007" classname="com.qa.tests.TC_ValidateBackButton"/>
  <testcase name="launchbrowser" time="5.588" classname="com.qa.tests.TC_ValidateModify"/>
  <testcase name="NavigateToURL" time="8.661" classname="com.qa.tests.TC_ValidateModify"/>
  <testcase name="EnterUserDetails" time="6.471" classname="com.qa.tests.TC_ValidateModify"/>
  <testcase name="validateUserDetails" time="0.965" classname="com.qa.tests.TC_ValidateModify"/>
  <testcase name="ModifyDetailsAndValidate" time="2.868" classname="com.qa.tests.TC_ValidateModify"/>
  <testcase name="closeDriver" time="0.019" classname="com.qa.tests.TC_ValidateModify"/>
  <testcase name="launchbrowser" time="5.433" classname="com.qa.tests.TC_ValidateErrorMessages_BookinDetails"/>
  <testcase name="NavigateToURL" time="8.485" classname="com.qa.tests.TC_ValidateErrorMessages_BookinDetails"/>
  <testcase name="ValidateErrorMessages" time="4.526" classname="com.qa.tests.TC_ValidateErrorMessages_BookinDetails"/>
  <testcase name="closeDriver" time="0.007" classname="com.qa.tests.TC_ValidateErrorMessages_BookinDetails"/>
  <testcase name="launchbrowser" time="5.167" classname="com.qa.tests.TC_ValidateErrorMessages_Payment"/>
  <testcase name="NavigateToURL" time="8.465" classname="com.qa.tests.TC_ValidateErrorMessages_Payment"/>
  <testcase name="EnterUserDetails" time="6.148" classname="com.qa.tests.TC_ValidateErrorMessages_Payment"/>
  <testcase name="ValidatePaymentErrorMessages" time="2.148" classname="com.qa.tests.TC_ValidateErrorMessages_Payment"/>
  <testcase name="closeDriver" time="0.013" classname="com.qa.tests.TC_ValidateErrorMessages_Payment"/>
  <testcase name="launchbrowser" time="5.479" classname="com.qa.tests.TC_ValidatePromoCode"/>
  <testcase name="NavigateToURL" time="8.545" classname="com.qa.tests.TC_ValidatePromoCode"/>
  <testcase name="AEnterUserDetails" time="6.785" classname="com.qa.tests.TC_ValidatePromoCode"/>
  <testcase name="ValidatePromoCode" time="4.493" classname="com.qa.tests.TC_ValidatePromoCode"/>
  <testcase name="closeDriver" time="0.009" classname="com.qa.tests.TC_ValidatePromoCode"/>
  <testcase name="launchbrowser" time="5.385" classname="com.qa.tests.TC_ConfirmAndValidateBooking"/>
  <testcase name="NavigateToURL" time="8.487" classname="com.qa.tests.TC_ConfirmAndValidateBooking"/>
  <testcase name="EnterUserDetails" time="6.18" classname="com.qa.tests.TC_ConfirmAndValidateBooking"/>
  <testcase name="EnterPaymentDetails" time="2.119" classname="com.qa.tests.TC_ConfirmAndValidateBooking"/>
  <testcase name="confirmBooking" time="4.851" classname="com.qa.tests.TC_ConfirmAndValidateBooking"/>
  <testcase name="closeDriver" time="0.012" classname="com.qa.tests.TC_ConfirmAndValidateBooking"/>
</testsuite> <!-- Test -->
